<?xml version="1.0" encoding="UTF-8"?>
<testsuites>
  <testsuite name="hello" timestamp="2024-07-08T09:18:17Z" hostname="61f51d12d48e" tests="3" skipped="0" failures="0" errors="0" time="0.227">
    <testcase time="0.014" classname="hello" name="hello_works"/>
    <testcase time="0.2" classname="hello" name="hello_cli_works"/>
    <testcase time="0.013" classname="hello" name="fix_me_"/>
  </testsuite>
</testsuites>
